<?xml version="1.0" encoding="UTF-8"?>
<!-- Generated by org.testng.reporters.JUnitXMLReporter -->
<testsuite ignored="1" hostname="DESKTOP-OOIC766" failures="0" tests="2" name="Test" time="18.284" errors="0" timestamp="2023-12-01T02:57:51 IST">
  <testcase classname="test.Facebooklogintest" name="testlogin" time="4.678"/>
  <testcase classname="test.Fbcreatepagetest" name="createpage" time="4.02"/>
  <testcase classname="basepkg.Baseclass" name="@BeforeTest setUp" time="0.0">
    <ignored/>
  </testcase> <!-- @BeforeTest setUp -->
</testsuite> <!-- Test -->
